<?xml version="1.0" encoding="UTF-8"?>
<!-- Generated by org.testng.reporters.JUnitReportReporter -->
<testsuite hostname="DESKTOP-3P8E78P" failures="0" tests="3" name="CompleteAutoByPageObjectImpl.StandAloneTest" time="292.925" errors="0" timestamp="2025-01-21T11:08:12 IST" skipped="0">
  <testcase classname="CompleteAutoByPageObjectImpl.StandAloneTest" name="StandAloneEcomApp" time="140.845"/>
  <testcase classname="CompleteAutoByPageObjectImpl.StandAloneTest" name="StandAloneEcomApp" time="141.765"/>
  <testcase classname="CompleteAutoByPageObjectImpl.StandAloneTest" name="OderHistory" time="10.315"/>
</testsuite> <!-- CompleteAutoByPageObjectImpl.StandAloneTest -->
